2023-03-29T12:11:19+00:00 DEBUG tt4b_product_sync: missing access token for tt4b_product_sync
2023-03-29T12:11:19+00:00 DEBUG tt4b_product_sync: missing access token for tt4b_product_sync
2023-03-29T12:12:46+00:00 DEBUG tt4b_product_sync: missing access token for tt4b_product_sync
2023-03-29T12:14:47+00:00 DEBUG tt4b_product_sync: missing access token for tt4b_product_sync
2023-03-29T12:34:46+00:00 DEBUG tt4b_product_sync: missing access token for tt4b_product_sync
2023-03-29T12:37:08+00:00 DEBUG tt4b_product_sync: missing access token for tt4b_product_sync
2023-03-29T12:37:38+00:00 DEBUG Tt4b_Pixel_Class::inject_add_to_cart_event: hit injectAddToCartEvent
2023-03-29T12:37:38+00:00 DEBUG Tt4b_Pixel_Class::inject_add_to_cart_event: Missing option "access_token"
2023-03-29T12:37:39+00:00 DEBUG Tt4b_Pixel_Class::inject_view_content_event: hit injectViewContentEvent
2023-03-29T12:37:39+00:00 DEBUG Tt4b_Pixel_Class::inject_view_content_event: Missing option "access_token"
2023-03-29T12:37:48+00:00 DEBUG Tt4b_Pixel_Class::inject_add_to_cart_event: hit injectAddToCartEvent
2023-03-29T12:37:48+00:00 DEBUG Tt4b_Pixel_Class::inject_add_to_cart_event: Missing option "access_token"
2023-03-29T12:37:48+00:00 DEBUG Tt4b_Pixel_Class::inject_view_content_event: hit injectViewContentEvent
2023-03-29T12:37:48+00:00 DEBUG Tt4b_Pixel_Class::inject_view_content_event: Missing option "access_token"
2023-03-29T12:38:06+00:00 DEBUG Tt4b_Pixel_Class::inject_start_checkout: hit injectStartCheckout
2023-03-29T12:38:06+00:00 DEBUG Tt4b_Pixel_Class::inject_start_checkout: Missing option "access_token"
2023-03-29T13:16:32+00:00 DEBUG Tt4b_Pixel_Class::inject_view_content_event: hit injectViewContentEvent
2023-03-29T13:16:32+00:00 DEBUG Tt4b_Pixel_Class::inject_view_content_event: Missing option "access_token"
2023-03-29T13:29:33+00:00 DEBUG tt4b_product_sync: missing access token for tt4b_product_sync
2023-03-29T13:31:35+00:00 DEBUG tt4b_product_sync: missing access token for tt4b_product_sync
2023-03-29T13:46:44+00:00 DEBUG tt4b_product_sync: missing access token for tt4b_product_sync
2023-03-29T13:46:57+00:00 DEBUG tt4b_product_sync: missing access token for tt4b_product_sync
2023-03-29T13:47:29+00:00 DEBUG tt4b_product_sync: missing access token for tt4b_product_sync
2023-03-29T13:48:46+00:00 DEBUG tt4b_product_sync: missing access token for tt4b_product_sync
2023-03-29T13:50:10+00:00 DEBUG tt4b_product_sync: missing access token for tt4b_product_sync
2023-03-29T13:51:00+00:00 DEBUG tt4b_product_sync: missing access token for tt4b_product_sync
2023-03-29T13:54:00+00:00 DEBUG tt4b_product_sync: missing access token for tt4b_product_sync
2023-03-29T13:56:02+00:00 DEBUG tt4b_product_sync: missing access token for tt4b_product_sync
2023-03-29T13:57:27+00:00 DEBUG tt4b_product_sync: missing access token for tt4b_product_sync
2023-03-29T13:57:45+00:00 DEBUG tt4b_product_sync: missing access token for tt4b_product_sync
2023-03-29T13:57:57+00:00 DEBUG tt4b_product_sync: missing access token for tt4b_product_sync
2023-03-29T13:58:47+00:00 DEBUG tt4b_product_sync: missing access token for tt4b_product_sync
2023-03-29T14:01:46+00:00 DEBUG tt4b_product_sync: missing access token for tt4b_product_sync
2023-03-29T14:02:57+00:00 DEBUG tt4b_product_sync: missing access token for tt4b_product_sync
2023-03-29T14:03:07+00:00 DEBUG tt4b_product_sync: missing access token for tt4b_product_sync
2023-03-29T14:03:09+00:00 DEBUG tt4b_product_sync: missing access token for tt4b_product_sync
2023-03-29T14:04:13+00:00 DEBUG tt4b_product_sync: missing access token for tt4b_product_sync
2023-03-29T14:05:21+00:00 DEBUG tt4b_product_sync: missing access token for tt4b_product_sync
2023-03-29T14:06:39+00:00 DEBUG tt4b_product_sync: missing access token for tt4b_product_sync
2023-03-29T14:06:55+00:00 DEBUG tt4b_product_sync: missing access token for tt4b_product_sync
2023-03-29T14:06:58+00:00 DEBUG tt4b_product_sync: missing access token for tt4b_product_sync
2023-03-29T14:07:46+00:00 DEBUG tt4b_product_sync: missing access token for tt4b_product_sync
2023-03-29T14:08:31+00:00 DEBUG tt4b_product_sync: missing access token for tt4b_product_sync
2023-03-29T14:08:53+00:00 DEBUG tt4b_product_sync: missing access token for tt4b_product_sync
2023-03-29T14:10:53+00:00 DEBUG tt4b_product_sync: missing access token for tt4b_product_sync
2023-03-29T14:11:53+00:00 DEBUG tt4b_product_sync: missing access token for tt4b_product_sync
2023-03-29T14:12:59+00:00 DEBUG tt4b_product_sync: missing access token for tt4b_product_sync
2023-03-29T14:13:07+00:00 DEBUG tt4b_product_sync: missing access token for tt4b_product_sync
2023-03-29T14:16:11+00:00 DEBUG tt4b_product_sync: missing access token for tt4b_product_sync
2023-03-29T14:16:22+00:00 DEBUG tt4b_product_sync: missing access token for tt4b_product_sync
2023-03-29T14:17:06+00:00 DEBUG Tt4b_Pixel_Class::inject_add_to_cart_event: hit injectAddToCartEvent
2023-03-29T14:17:06+00:00 DEBUG Tt4b_Pixel_Class::inject_add_to_cart_event: Missing option "access_token"
2023-03-29T14:17:06+00:00 DEBUG Tt4b_Pixel_Class::inject_view_content_event: hit injectViewContentEvent
2023-03-29T14:17:06+00:00 DEBUG Tt4b_Pixel_Class::inject_view_content_event: Missing option "access_token"
2023-03-29T14:17:14+00:00 DEBUG Tt4b_Pixel_Class::inject_add_to_cart_event: hit injectAddToCartEvent
2023-03-29T14:17:14+00:00 DEBUG Tt4b_Pixel_Class::inject_add_to_cart_event: Missing option "access_token"
2023-03-29T14:17:16+00:00 DEBUG Tt4b_Pixel_Class::inject_add_to_cart_event: hit injectAddToCartEvent
2023-03-29T14:17:16+00:00 DEBUG Tt4b_Pixel_Class::inject_add_to_cart_event: Missing option "access_token"
2023-03-29T14:17:17+00:00 DEBUG Tt4b_Pixel_Class::inject_add_to_cart_event: hit injectAddToCartEvent
2023-03-29T14:17:17+00:00 DEBUG Tt4b_Pixel_Class::inject_add_to_cart_event: Missing option "access_token"
2023-03-29T14:17:19+00:00 DEBUG Tt4b_Pixel_Class::inject_add_to_cart_event: hit injectAddToCartEvent
2023-03-29T14:17:19+00:00 DEBUG Tt4b_Pixel_Class::inject_add_to_cart_event: Missing option "access_token"
2023-03-29T14:17:20+00:00 DEBUG Tt4b_Pixel_Class::inject_add_to_cart_event: hit injectAddToCartEvent
2023-03-29T14:17:20+00:00 DEBUG Tt4b_Pixel_Class::inject_add_to_cart_event: Missing option "access_token"
2023-03-29T14:17:22+00:00 DEBUG Tt4b_Pixel_Class::inject_add_to_cart_event: hit injectAddToCartEvent
2023-03-29T14:17:22+00:00 DEBUG Tt4b_Pixel_Class::inject_add_to_cart_event: Missing option "access_token"
2023-03-29T14:17:23+00:00 DEBUG Tt4b_Pixel_Class::inject_add_to_cart_event: hit injectAddToCartEvent
2023-03-29T14:17:23+00:00 DEBUG Tt4b_Pixel_Class::inject_add_to_cart_event: Missing option "access_token"
2023-03-29T14:17:42+00:00 DEBUG Tt4b_Pixel_Class::inject_start_checkout: hit injectStartCheckout
2023-03-29T14:17:42+00:00 DEBUG Tt4b_Pixel_Class::inject_start_checkout: Missing option "access_token"
2023-03-29T14:18:22+00:00 DEBUG Tt4b_Pixel_Class::inject_purchase_event: hit injectPurchaseEvent
2023-03-29T14:18:22+00:00 DEBUG Tt4b_Pixel_Class::inject_purchase_event: Missing option "access_token"
2023-03-29T14:20:23+00:00 DEBUG tt4b_product_sync: missing access token for tt4b_product_sync
2023-03-29T14:23:03+00:00 DEBUG tt4b_product_sync: missing access token for tt4b_product_sync
2023-03-29T14:24:29+00:00 DEBUG tt4b_product_sync: missing access token for tt4b_product_sync
2023-03-29T14:25:54+00:00 DEBUG tt4b_product_sync: missing access token for tt4b_product_sync
2023-03-29T14:26:08+00:00 DEBUG tt4b_product_sync: missing access token for tt4b_product_sync
2023-03-29T14:35:29+00:00 DEBUG tt4b_product_sync: missing access token for tt4b_product_sync
2023-03-29T14:36:53+00:00 DEBUG tt4b_product_sync: missing access token for tt4b_product_sync
2023-03-29T14:38:12+00:00 DEBUG tt4b_product_sync: missing access token for tt4b_product_sync
2023-03-29T14:38:47+00:00 DEBUG tt4b_product_sync: missing access token for tt4b_product_sync
2023-03-29T14:38:57+00:00 DEBUG tt4b_product_sync: missing access token for tt4b_product_sync
